
> app@0.1.0 dev
> next dev

▲ Next.js 16.1.6 (Turbopack)
- Local:         http://localhost:3000
- Network:       http://172.17.0.2:3000
- Environments: .env.local

✓ Starting...
✓ Ready in 603ms
[🔴 PROD] Supabase client initialized: ofpzqtbhxajptpstbbme
 GET /globe 200 in 1943ms (compile: 1725ms, render: 218ms)
[🔴 PROD] Supabase client initialized: ofpzqtbhxajptpstbbme
 GET /api/globe/activity?window=30d 200 in 1017ms (compile: 77ms, render: 940ms)
[Intel API] Query error: {
  message: 'Invalid API key',
  hint: 'Double check your Supabase `anon` or `service_role` API key.'
}
 GET /api/intel?window=24&limit=10 500 in 61ms (compile: 23ms, render: 38ms)
 GET /api/globe/activity?window=30d 200 in 647ms (compile: 3ms, render: 644ms)
 GET / 200 in 312ms (compile: 16ms, render: 296ms)
[Predictions API] Starting query - userId=null, anonId=null
 GET /api/leaderboard?limit=1 200 in 317ms (compile: 44ms, render: 273ms)
[Predictions API] Query completed in 673ms, returned 27 predictions
 GET /api/predictions 200 in 705ms (compile: 27ms, render: 678ms)
